info it worked if it ends with ok
verbose cli [ 'node', '/usr/bin/npm', 'install', '-g', 'node-inspector' ]
info using npm@1.1.4
info using node@v0.6.12
verbose config file /home/lang/.npmrc
verbose config file /usr/etc/npmrc
verbose config file /usr/share/npm/npmrc
verbose cache add [ 'node-inspector', null ]
silly cache add: name, spec, args [ undefined, 'node-inspector', [ 'node-inspector', null ] ]
verbose parsed url { pathname: 'node-inspector',
verbose parsed url   path: 'node-inspector',
verbose parsed url   href: 'node-inspector' }
verbose addNamed [ 'node-inspector', '' ]
verbose addNamed [ null, '' ]
silly name, range, hasData [ 'node-inspector', '', false ]
verbose raw, before any munging node-inspector
verbose url resolving [ 'https://registry.npmjs.org/', './node-inspector' ]
verbose url resolved https://registry.npmjs.org/node-inspector
verbose etag "APU3VT6Z43RTVQFALL1NN988Z"
http GET https://registry.npmjs.org/node-inspector
http 304 https://registry.npmjs.org/node-inspector
silly get cb [ 304,
silly get cb   { server: 'CouchDB/1.2.0 (Erlang OTP/R15B)',
silly get cb     etag: '"APU3VT6Z43RTVQFALL1NN988Z"',
silly get cb     date: 'Fri, 12 Oct 2012 09:07:38 GMT',
silly get cb     'content-length': '0' } ]
verbose etag node-inspector from cache
silly name, range, hasData 2 [ 'node-inspector', '', true ]
silly versions [ 'node-inspector',
silly versions   [ '0.0.1',
silly versions     '0.0.2',
silly versions     '0.0.3',
silly versions     '0.0.4',
silly versions     '0.1.0',
silly versions     '0.1.1',
silly versions     '0.1.2',
silly versions     '0.1.3',
silly versions     '0.1.4',
silly versions     '0.1.5',
silly versions     '0.1.6',
silly versions     '0.1.7',
silly versions     '0.1.8',
silly versions     '0.1.9',
silly versions     '0.1.10',
silly versions     '0.2.0beta1',
silly versions     '0.2.0beta2',
silly versions     '0.2.0beta3' ] ]
verbose bin dist [ '0.6-ares1.7.5-evundefined-openssl1.0.1-v83.7.12.22-linux-ia32-3.2.0-29-generic-pae',
verbose bin dist   { shasum: '2adb552da7757ff3d4ec549f5570799355952d20',
verbose bin dist     tarball: 'http://registry.npmjs.org/node-inspector/-/node-inspector-0.2.0beta3.tgz' } ]
verbose caching /home/lang/.npm/node-inspector/0.2.0beta3/package/package.json
verbose loadDefaults node-inspector@0.2.0beta3
silly resolved [ { name: 'node-inspector',
silly resolved     version: '0.2.0beta3',
silly resolved     description: 'Web Inspector based nodeJS debugger',
silly resolved     homepage: 'http://github.com/dannycoates/node-inspector',
silly resolved     author: { name: 'Danny Coates', email: 'dannycoates@gmail.com' },
silly resolved     keywords: [ 'debug', 'debugger', 'inspector', 'profiler' ],
silly resolved     repository: 
silly resolved      { type: 'git',
silly resolved        url: 'git://github.com/dannycoates/node-inspector.git' },
silly resolved     engines: { node: '>=0.6.0' },
silly resolved     bin: { 'node-inspector': './bin/inspector.js' },
silly resolved     dependencies: { 'socket.io': '~0.9', connect: '~1.8.5', async: '~0.1' },
silly resolved     preferGlobal: true,
silly resolved     _id: 'node-inspector@0.2.0beta3',
silly resolved     devDependencies: {},
silly resolved     optionalDependencies: {},
silly resolved     _engineSupported: true,
silly resolved     _npmVersion: '1.1.4',
silly resolved     _nodeVersion: 'v0.6.12',
silly resolved     _defaultsLoaded: true,
silly resolved     _from: 'node-inspector' } ]
info into /usr/local/lib node-inspector@0.2.0beta3
info installOne node-inspector@0.2.0beta3
verbose from cache /home/lang/.npm/node-inspector/0.2.0beta3/package/package.json
info unbuild /usr/local/lib/node_modules/node-inspector
verbose mkdir (expected) error ENOENT, no such file or directory '/usr/local/lib/node_modules'
verbose unpack_ uid, gid [ undefined, undefined ]
verbose unpackTarget /usr/local/lib/node_modules/node-inspector
ERR! Could not create /usr/local/lib/node_modules/___node-inspector.npm
ERR! error installing node-inspector@0.2.0beta3
info unbuild /usr/local/lib/node_modules/node-inspector
verbose installOne cb node-inspector@0.2.0beta3
ERR! Error: EACCES, permission denied '/usr/local/lib/node_modules'
ERR! 
ERR! Please try running this command again as root/Administrator.
ERR! 
ERR! System Linux 3.2.0-29-generic-pae
ERR! command "node" "/usr/bin/npm" "install" "-g" "node-inspector"
ERR! cwd /home/lang/Develop/WebSceneEditor
ERR! node -v v0.6.12
ERR! npm -v 1.1.4
ERR! path /usr/local/lib/node_modules
ERR! code EACCES
ERR! message EACCES, permission denied '/usr/local/lib/node_modules'
ERR! errno {}
verbose exit [ 1, true ]
